[2017-08-11 14:45:57] [info]  [23832] Commons Daemon procrun (1.0.15.0 32-bit) started
[2017-08-11 14:45:57] [info]  [23832] Service AceQLHTTPService name AceQL HTTP
[2017-08-11 14:45:57] [error] [23832] Le nom de compte n’est pas valide ou n’existe pas, ou le mot de passe n’est pas valide pour le nom de compte spécifié.
[2017-08-11 14:45:57] [info]  [23832] Service 'AceQLHTTPService' installed
[2017-08-11 14:45:57] [info]  [23832] Commons Daemon procrun finished
[2017-08-11 14:46:48] [info]  [26268] Commons Daemon procrun (1.0.15.0 32-bit) started
[2017-08-11 14:46:48] [info]  [26268] Starting service 'AceQLHTTPService' ...
[2017-08-11 14:46:48] [warn]  [26268] Failed to obtain service description
[2017-08-11 14:46:50] [error] [26268] Failed to start 'AceQLHTTPService' service
[2017-08-11 14:46:50] [error] [26268] La zone de données passée à un appel système est insuffisante.
[2017-08-11 14:46:50] [info]  [26268] Start service finished.
[2017-08-11 14:46:50] [error] [26268] Commons Daemon procrun failed with exit value: 5 (Failed to start service)
[2017-08-11 14:46:50] [error] [26268] La zone de données passée à un appel système est insuffisante.
[2017-08-11 14:49:10] [info]  [23584] Commons Daemon procrun (1.0.15.0 32-bit) started
[2017-08-11 14:49:10] [info]  [23584] Service AceQLHTTPService name AceQL HTTP
[2017-08-11 14:49:10] [error] [23584] Le nom de compte n’est pas valide ou n’existe pas, ou le mot de passe n’est pas valide pour le nom de compte spécifié.
[2017-08-11 14:49:10] [info]  [23584] Service 'AceQLHTTPService' installed
[2017-08-11 14:49:10] [info]  [23584] Commons Daemon procrun finished
[2017-08-11 14:50:20] [info]  [28812] Commons Daemon procrun (1.0.15.0 32-bit) started
[2017-08-11 14:50:20] [info]  [28812] Service AceQLHTTPService name AceQL HTTP
[2017-08-11 14:50:20] [error] [28812] Le nom de compte n’est pas valide ou n’existe pas, ou le mot de passe n’est pas valide pour le nom de compte spécifié.
[2017-08-11 14:50:20] [info]  [28812] Service 'AceQLHTTPService' installed
[2017-08-11 14:50:20] [info]  [28812] Commons Daemon procrun finished
[2017-08-11 14:50:23] [info]  [16952] Commons Daemon procrun (1.0.15.0 32-bit) started
[2017-08-11 14:50:23] [info]  [16952] Starting service 'AceQLHTTPService' ...
[2017-08-11 14:50:23] [warn]  [16952] Failed to obtain service description
[2017-08-11 14:50:25] [error] [16952] Failed to start 'AceQLHTTPService' service
[2017-08-11 14:50:25] [error] [16952] La zone de données passée à un appel système est insuffisante.
[2017-08-11 14:50:25] [info]  [16952] Start service finished.
[2017-08-11 14:50:25] [error] [16952] Commons Daemon procrun failed with exit value: 5 (Failed to start service)
[2017-08-11 14:50:25] [error] [16952] La zone de données passée à un appel système est insuffisante.
[2017-08-11 14:50:40] [info]  [20712] Commons Daemon procrun (1.0.15.0 32-bit) started
[2017-08-11 14:50:40] [info]  [20712] Service AceQLHTTPService name AceQL HTTP
[2017-08-11 14:50:40] [error] [20712] Le nom de compte n’est pas valide ou n’existe pas, ou le mot de passe n’est pas valide pour le nom de compte spécifié.
[2017-08-11 14:50:40] [info]  [20712] Service 'AceQLHTTPService' installed
[2017-08-11 14:50:40] [info]  [20712] Commons Daemon procrun finished
[2017-08-11 14:52:23] [info]  [  948] Commons Daemon procrun (1.0.15.0 32-bit) started
[2017-08-11 14:52:23] [info]  [  948] Service AceQLHTTPService name AceQL HTTP
[2017-08-11 14:52:23] [error] [  948] Le nom de compte n’est pas valide ou n’existe pas, ou le mot de passe n’est pas valide pour le nom de compte spécifié.
[2017-08-11 14:52:23] [info]  [  948] Service 'AceQLHTTPService' installed
[2017-08-11 14:52:23] [info]  [  948] Commons Daemon procrun finished
[2017-08-11 14:54:09] [info]  [26700] Commons Daemon procrun (1.0.15.0 32-bit) started
[2017-08-11 14:54:09] [info]  [26700] Service AceQLHTTPService name AceQL HTTP
[2017-08-11 14:54:09] [error] [26700] Le nom de compte n’est pas valide ou n’existe pas, ou le mot de passe n’est pas valide pour le nom de compte spécifié.
[2017-08-11 14:54:10] [info]  [26700] Service 'AceQLHTTPService' installed
[2017-08-11 14:54:10] [info]  [26700] Commons Daemon procrun finished
